2024-12-02 16:39:13,548 - INFO - VirtualWindow inicializada con dimensiones 800x500 y canvas configurado.
2024-12-02 16:39:17,967 - INFO - Limpiando el contenido del VirtualWindow.
2024-12-02 16:39:17,967 - INFO - El contenido del VirtualWindow fue borrado correctamente.
2024-12-02 16:39:17,967 - INFO - Iniciando la importación de widgets desde el archivo: C:/Users/Thiago/Documents/CTkDesigner/a.py
2024-12-02 16:39:17,968 - DEBUG - Archivo C:/Users/Thiago/Documents/CTkDesigner/a.py leído correctamente.
2024-12-02 16:39:17,970 - DEBUG - Clase 'App' encontrada en el AST.
2024-12-02 16:39:17,971 - DEBUG - Función 'generic_widget_creator' encontrada en la clase 'App'.
2024-12-02 16:39:17,971 - INFO - Se encontró la función 'generic_widget_creator', procesando llamadas de widgets.
2024-12-02 16:39:17,972 - INFO - Procesando llamadas de widgets en 'generic_widget_creator'.
2024-12-02 16:39:17,972 - DEBUG - Extrayendo argumentos de widget y ubicación.
2024-12-02 16:39:17,973 - DEBUG - Argumentos de widget extraídos: {'text': 'Aceptar', 'command': None, 'fg_color': ['#3B8ED0', '#1F6AA5'], 'width': 140, 'height': 28, 'border_width': 0, 'border_color': ['#3E454A', '#949A9F'], 'hover_color': ['#36719F', '#144870'], 'text_color': ['#DCE4EE', '#DCE4EE'], 'border_spacing': 2, 'corner_radius': 6}, Argumentos de ubicación: {'x': 645, 'y': 459}.
2024-12-02 16:39:17,973 - DEBUG - Creando y colocando widget de tipo 'CTkButton' en (645, 459).
2024-12-02 16:39:17,973 - DEBUG - Intentando crear el widget del tipo 'CTkButton' con argumentos: {'text': 'Aceptar', 'command': None, 'fg_color': ['#3B8ED0', '#1F6AA5'], 'width': 140, 'height': 28, 'border_width': 0, 'border_color': ['#3E454A', '#949A9F'], 'hover_color': ['#36719F', '#144870'], 'text_color': ['#DCE4EE', '#DCE4EE'], 'border_spacing': 2, 'corner_radius': 6}.
2024-12-02 16:39:17,974 - DEBUG - Creando widget de tipo 'CTkButton' con argumentos: {'text': 'Aceptar', 'command': None, 'fg_color': ['#3B8ED0', '#1F6AA5'], 'width': 140, 'height': 28, 'border_width': 0, 'border_color': ['#3E454A', '#949A9F'], 'hover_color': ['#36719F', '#144870'], 'text_color': ['#DCE4EE', '#DCE4EE'], 'border_spacing': 2, 'corner_radius': 6}.
2024-12-02 16:39:17,978 - INFO - Widget 'CTkButton' creado con éxito.
2024-12-02 16:39:17,978 - INFO - Widget del tipo 'CTkButton' ubicado en (645, 459).
2024-12-02 16:39:17,978 - DEBUG - Extrayendo argumentos de widget y ubicación.
2024-12-02 16:39:17,979 - DEBUG - Argumentos de widget extraídos: {'placeholder_text': None, 'textvariable': None, 'fg_color': ['#F9F9FA', '#343638'], 'border_width': 2, 'border_color': ['#979DA2', '#565B5E'], 'text_color': ['gray10', '#DCE4EE'], 'width': 140, 'height': 28}, Argumentos de ubicación: {'x': 100, 'y': 129}.
2024-12-02 16:39:17,979 - DEBUG - Creando y colocando widget de tipo 'CTkEntry' en (100, 129).
2024-12-02 16:39:17,979 - DEBUG - Intentando crear el widget del tipo 'CTkEntry' con argumentos: {'placeholder_text': None, 'textvariable': None, 'fg_color': ['#F9F9FA', '#343638'], 'border_width': 2, 'border_color': ['#979DA2', '#565B5E'], 'text_color': ['gray10', '#DCE4EE'], 'width': 140, 'height': 28}.
2024-12-02 16:39:17,980 - DEBUG - Creando widget de tipo 'CTkEntry' con argumentos: {'placeholder_text': None, 'textvariable': None, 'fg_color': ['#F9F9FA', '#343638'], 'border_width': 2, 'border_color': ['#979DA2', '#565B5E'], 'text_color': ['gray10', '#DCE4EE'], 'width': 140, 'height': 28}.
2024-12-02 16:39:17,986 - INFO - Widget 'CTkEntry' creado con éxito.
2024-12-02 16:39:17,987 - INFO - Widget del tipo 'CTkEntry' ubicado en (100, 129).
2024-12-02 16:39:17,987 - DEBUG - Extrayendo argumentos de widget y ubicación.
2024-12-02 16:39:17,987 - DEBUG - Argumentos de widget extraídos: {'placeholder_text': None, 'textvariable': None, 'fg_color': ['#F9F9FA', '#343638'], 'border_width': 2, 'border_color': ['#979DA2', '#565B5E'], 'text_color': ['gray10', '#DCE4EE'], 'width': 140, 'height': 28}, Argumentos de ubicación: {'x': 100, 'y': 166}.
2024-12-02 16:39:17,988 - DEBUG - Creando y colocando widget de tipo 'CTkEntry' en (100, 166).
2024-12-02 16:39:17,988 - DEBUG - Intentando crear el widget del tipo 'CTkEntry' con argumentos: {'placeholder_text': None, 'textvariable': None, 'fg_color': ['#F9F9FA', '#343638'], 'border_width': 2, 'border_color': ['#979DA2', '#565B5E'], 'text_color': ['gray10', '#DCE4EE'], 'width': 140, 'height': 28}.
2024-12-02 16:39:17,988 - DEBUG - Creando widget de tipo 'CTkEntry' con argumentos: {'placeholder_text': None, 'textvariable': None, 'fg_color': ['#F9F9FA', '#343638'], 'border_width': 2, 'border_color': ['#979DA2', '#565B5E'], 'text_color': ['gray10', '#DCE4EE'], 'width': 140, 'height': 28}.
2024-12-02 16:39:17,994 - INFO - Widget 'CTkEntry' creado con éxito.
2024-12-02 16:39:17,994 - INFO - Widget del tipo 'CTkEntry' ubicado en (100, 166).
2024-12-02 16:39:17,994 - DEBUG - Extrayendo argumentos de widget y ubicación.
2024-12-02 16:39:17,995 - DEBUG - Argumentos de widget extraídos: {'text': 'Altura:', 'textvariable': '', 'fg_color': 'transparent', 'corner_radius': 0, 'text_color': 'black', 'width': 0, 'height': 28, 'anchor': 'center', 'compound': 'center', 'justify': 'center'}, Argumentos de ubicación: {'x': 35, 'y': 129}.
2024-12-02 16:39:17,995 - DEBUG - Creando y colocando widget de tipo 'CTkLabel' en (35, 129).
2024-12-02 16:39:17,995 - DEBUG - Intentando crear el widget del tipo 'CTkLabel' con argumentos: {'text': 'Altura:', 'textvariable': '', 'fg_color': 'transparent', 'corner_radius': 0, 'text_color': 'black', 'width': 0, 'height': 28, 'anchor': 'center', 'compound': 'center', 'justify': 'center'}.
2024-12-02 16:39:17,996 - DEBUG - Creando widget de tipo 'CTkLabel' con argumentos: {'text': 'Altura:', 'textvariable': '', 'fg_color': 'transparent', 'corner_radius': 0, 'text_color': 'black', 'width': 0, 'height': 28, 'anchor': 'center', 'compound': 'center', 'justify': 'center'}.
2024-12-02 16:39:17,997 - INFO - Widget 'CTkLabel' creado con éxito.
2024-12-02 16:39:17,997 - INFO - Widget del tipo 'CTkLabel' ubicado en (35, 129).
2024-12-02 16:39:17,998 - DEBUG - Extrayendo argumentos de widget y ubicación.
2024-12-02 16:39:17,998 - DEBUG - Argumentos de widget extraídos: {'text': 'Anchura:', 'textvariable': '', 'fg_color': 'transparent', 'corner_radius': 0, 'text_color': 'black', 'width': 0, 'height': 28, 'anchor': 'center', 'compound': 'center', 'justify': 'center'}, Argumentos de ubicación: {'x': 37, 'y': 166}.
2024-12-02 16:39:17,998 - DEBUG - Creando y colocando widget de tipo 'CTkLabel' en (37, 166).
2024-12-02 16:39:17,998 - DEBUG - Intentando crear el widget del tipo 'CTkLabel' con argumentos: {'text': 'Anchura:', 'textvariable': '', 'fg_color': 'transparent', 'corner_radius': 0, 'text_color': 'black', 'width': 0, 'height': 28, 'anchor': 'center', 'compound': 'center', 'justify': 'center'}.
2024-12-02 16:39:17,999 - DEBUG - Creando widget de tipo 'CTkLabel' con argumentos: {'text': 'Anchura:', 'textvariable': '', 'fg_color': 'transparent', 'corner_radius': 0, 'text_color': 'black', 'width': 0, 'height': 28, 'anchor': 'center', 'compound': 'center', 'justify': 'center'}.
2024-12-02 16:39:18,000 - INFO - Widget 'CTkLabel' creado con éxito.
2024-12-02 16:39:18,001 - INFO - Widget del tipo 'CTkLabel' ubicado en (37, 166).
2024-12-02 16:39:18,001 - DEBUG - Extrayendo argumentos de widget y ubicación.
2024-12-02 16:39:18,001 - DEBUG - Argumentos de widget extraídos: {'text': 'Nuevo proyecto', 'textvariable': '', 'fg_color': 'transparent', 'corner_radius': 0, 'text_color': 'black', 'width': 0, 'height': 28, 'font': ('Arial', 35), 'anchor': 'center', 'compound': 'center', 'justify': 'center'}, Argumentos de ubicación: {'x': 35, 'y': 32}.
2024-12-02 16:39:18,002 - DEBUG - Creando y colocando widget de tipo 'CTkLabel' en (35, 32).
2024-12-02 16:39:18,002 - DEBUG - Intentando crear el widget del tipo 'CTkLabel' con argumentos: {'text': 'Nuevo proyecto', 'textvariable': '', 'fg_color': 'transparent', 'corner_radius': 0, 'text_color': 'black', 'width': 0, 'height': 28, 'font': ('Arial', 35), 'anchor': 'center', 'compound': 'center', 'justify': 'center'}.
2024-12-02 16:39:18,003 - DEBUG - Creando widget de tipo 'CTkLabel' con argumentos: {'text': 'Nuevo proyecto', 'textvariable': '', 'fg_color': 'transparent', 'corner_radius': 0, 'text_color': 'black', 'width': 0, 'height': 28, 'font': ('Arial', 35), 'anchor': 'center', 'compound': 'center', 'justify': 'center'}.
2024-12-02 16:39:18,004 - INFO - Widget 'CTkLabel' creado con éxito.
2024-12-02 16:39:18,005 - INFO - Widget del tipo 'CTkLabel' ubicado en (35, 32).
2024-12-02 16:39:18,005 - DEBUG - Extrayendo argumentos de widget y ubicación.
2024-12-02 16:39:18,005 - DEBUG - Argumentos de widget extraídos: {'text': 'Configuracion de ventana:', 'textvariable': '', 'fg_color': 'transparent', 'corner_radius': 0, 'text_color': 'black', 'width': 0, 'height': 28, 'anchor': 'center', 'compound': 'center', 'justify': 'center'}, Argumentos de ubicación: {'x': 35, 'y': 89}.
2024-12-02 16:39:18,005 - DEBUG - Creando y colocando widget de tipo 'CTkLabel' en (35, 89).
2024-12-02 16:39:18,006 - DEBUG - Intentando crear el widget del tipo 'CTkLabel' con argumentos: {'text': 'Configuracion de ventana:', 'textvariable': '', 'fg_color': 'transparent', 'corner_radius': 0, 'text_color': 'black', 'width': 0, 'height': 28, 'anchor': 'center', 'compound': 'center', 'justify': 'center'}.
2024-12-02 16:39:18,006 - DEBUG - Creando widget de tipo 'CTkLabel' con argumentos: {'text': 'Configuracion de ventana:', 'textvariable': '', 'fg_color': 'transparent', 'corner_radius': 0, 'text_color': 'black', 'width': 0, 'height': 28, 'anchor': 'center', 'compound': 'center', 'justify': 'center'}.
2024-12-02 16:39:18,007 - INFO - Widget 'CTkLabel' creado con éxito.
2024-12-02 16:39:18,008 - INFO - Widget del tipo 'CTkLabel' ubicado en (35, 89).
2024-12-02 16:39:18,009 - INFO - Importación completada exitosamente.
2024-12-02 16:39:25,654 - DEBUG - Intentando exportar archivo a C:/Users/Thiago/Documents/CTkDesigner/b.py.
2024-12-02 16:39:25,656 - DEBUG - Cargando parametros de la ventana...
2024-12-02 16:39:25,658 - DEBUG - Procediendo a crear las líneas...
2024-12-02 16:39:25,658 - INFO - Exportando: text=Aceptar
2024-12-02 16:39:25,659 - INFO - Exportando: command=None
2024-12-02 16:39:25,659 - INFO - Exportando: fg_color=['#3B8ED0', '#1F6AA5']
2024-12-02 16:39:25,659 - INFO - Exportando: width=140
2024-12-02 16:39:25,659 - INFO - Exportando: height=28
2024-12-02 16:39:25,660 - INFO - Exportando: border_width=0
2024-12-02 16:39:25,660 - INFO - Exportando: border_color=['#3E454A', '#949A9F']
2024-12-02 16:39:25,660 - INFO - Exportando: hover_color=['#36719F', '#144870']
2024-12-02 16:39:25,661 - INFO - Exportando: text_color=['#DCE4EE', '#DCE4EE']
2024-12-02 16:39:25,662 - INFO - Exportando: border_spacing=2
2024-12-02 16:39:25,662 - INFO - Exportando: corner_radius=6
2024-12-02 16:39:25,664 - INFO - Exportando: placeholder_text=None
2024-12-02 16:39:25,665 - INFO - Exportando: textvariable=None
2024-12-02 16:39:25,665 - INFO - Exportando: fg_color=['#F9F9FA', '#343638']
2024-12-02 16:39:25,665 - INFO - Exportando: border_width=2
2024-12-02 16:39:25,666 - INFO - Exportando: border_color=['#979DA2', '#565B5E']
2024-12-02 16:39:25,666 - INFO - Exportando: text_color=['gray10', '#DCE4EE']
2024-12-02 16:39:25,666 - INFO - Exportando: width=140
2024-12-02 16:39:25,666 - INFO - Exportando: height=28
2024-12-02 16:39:25,666 - WARNING - El parámetro 'font' con valor font21 no se exportará.
2024-12-02 16:39:25,671 - INFO - Exportando: placeholder_text=None
2024-12-02 16:39:25,672 - INFO - Exportando: textvariable=None
2024-12-02 16:39:25,672 - INFO - Exportando: fg_color=['#F9F9FA', '#343638']
2024-12-02 16:39:25,672 - INFO - Exportando: border_width=2
2024-12-02 16:39:25,672 - INFO - Exportando: border_color=['#979DA2', '#565B5E']
2024-12-02 16:39:25,673 - INFO - Exportando: text_color=['gray10', '#DCE4EE']
2024-12-02 16:39:25,673 - INFO - Exportando: width=140
2024-12-02 16:39:25,673 - INFO - Exportando: height=28
2024-12-02 16:39:25,673 - WARNING - El parámetro 'font' con valor font22 no se exportará.
2024-12-02 16:39:25,675 - INFO - Exportando: text=Altura:
2024-12-02 16:39:25,676 - INFO - Exportando: textvariable=
2024-12-02 16:39:25,676 - INFO - Exportando: fg_color=transparent
2024-12-02 16:39:25,676 - INFO - Exportando: corner_radius=0
2024-12-02 16:39:25,676 - INFO - Exportando: text_color=black
2024-12-02 16:39:25,676 - INFO - Exportando: width=0
2024-12-02 16:39:25,677 - INFO - Exportando: height=28
2024-12-02 16:39:25,677 - WARNING - El parámetro 'font' con valor font23 no se exportará.
2024-12-02 16:39:25,678 - INFO - Exportando: anchor=center
2024-12-02 16:39:25,679 - INFO - Exportando: compound=center
2024-12-02 16:39:25,679 - INFO - Exportando: justify=center
2024-12-02 16:39:25,681 - INFO - Exportando: text=Anchura:
2024-12-02 16:39:25,682 - INFO - Exportando: textvariable=
2024-12-02 16:39:25,682 - INFO - Exportando: fg_color=transparent
2024-12-02 16:39:25,682 - INFO - Exportando: corner_radius=0
2024-12-02 16:39:25,682 - INFO - Exportando: text_color=black
2024-12-02 16:39:25,683 - INFO - Exportando: width=0
2024-12-02 16:39:25,683 - INFO - Exportando: height=28
2024-12-02 16:39:25,683 - WARNING - El parámetro 'font' con valor font24 no se exportará.
2024-12-02 16:39:25,684 - INFO - Exportando: anchor=center
2024-12-02 16:39:25,684 - INFO - Exportando: compound=center
2024-12-02 16:39:25,684 - INFO - Exportando: justify=center
2024-12-02 16:39:25,686 - INFO - Exportando: text=Nuevo proyecto
2024-12-02 16:39:25,687 - INFO - Exportando: textvariable=
2024-12-02 16:39:25,687 - INFO - Exportando: fg_color=transparent
2024-12-02 16:39:25,687 - INFO - Exportando: corner_radius=0
2024-12-02 16:39:25,687 - INFO - Exportando: text_color=black
2024-12-02 16:39:25,687 - INFO - Exportando: width=0
2024-12-02 16:39:25,688 - INFO - Exportando: height=28
2024-12-02 16:39:25,688 - INFO - Exportando: font=('Arial', 35)
2024-12-02 16:39:25,688 - INFO - Exportando: anchor=center
2024-12-02 16:39:25,688 - INFO - Exportando: compound=center
2024-12-02 16:39:25,689 - INFO - Exportando: justify=center
2024-12-02 16:39:25,690 - INFO - Exportando: text=Configuracion de ventana:
2024-12-02 16:39:25,691 - INFO - Exportando: textvariable=
2024-12-02 16:39:25,691 - INFO - Exportando: fg_color=transparent
2024-12-02 16:39:25,691 - INFO - Exportando: corner_radius=0
2024-12-02 16:39:25,691 - INFO - Exportando: text_color=black
2024-12-02 16:39:25,692 - INFO - Exportando: width=0
2024-12-02 16:39:25,692 - INFO - Exportando: height=28
2024-12-02 16:39:25,692 - WARNING - El parámetro 'font' con valor font25 no se exportará.
2024-12-02 16:39:25,693 - INFO - Exportando: anchor=center
2024-12-02 16:39:25,693 - INFO - Exportando: compound=center
2024-12-02 16:39:25,693 - INFO - Exportando: justify=center
2024-12-02 16:39:25,696 - INFO - Lineas creadas exitosamente.
 Escribiendo archivo...
2024-12-02 16:39:25,697 - INFO - # Codigo generado automaticamente desde una VirtualWindow
import customtkinter as ctk

class App(ctk.CTk):
    def __init__(self):
        super().__init__()
        self.geometry('800x500')
        self.title('Exported Virtual Window')

        self.virtual_window = ctk.CTkFrame(self, fg_color='white', bg_color='lightgrey', width=800, height=500)
        self.virtual_window.pack(expand=True, fill='both')
        self.generic_widget_creator()

    def generic_widget_creator(self):
        ctk.CTkButton(self.virtual_window, text='Aceptar', command=None, fg_color=['#3B8ED0', '#1F6AA5'], width=140, height=28, border_width=0, border_color=['#3E454A', '#949A9F'], hover_color=['#36719F', '#144870'], text_color=['#DCE4EE', '#DCE4EE'], border_spacing=2, corner_radius=6).place(x=645, y=459)
        ctk.CTkEntry(self.virtual_window, placeholder_text=None, textvariable=None, fg_color=['#F9F9FA', '#343638'], border_width=2, border_color=['#979DA2', '#565B5E'], text_color=['gray10', '#DCE4EE'], width=140, height=28).place(x=100, y=129)
        ctk.CTkEntry(self.virtual_window, placeholder_text=None, textvariable=None, fg_color=['#F9F9FA', '#343638'], border_width=2, border_color=['#979DA2', '#565B5E'], text_color=['gray10', '#DCE4EE'], width=140, height=28).place(x=100, y=166)
        ctk.CTkLabel(self.virtual_window, text='Altura:', textvariable='', fg_color='transparent', corner_radius=0, text_color='black', width=0, height=28, anchor='center', compound='center', justify='center').place(x=35, y=129)
        ctk.CTkLabel(self.virtual_window, text='Anchura:', textvariable='', fg_color='transparent', corner_radius=0, text_color='black', width=0, height=28, anchor='center', compound='center', justify='center').place(x=37, y=166)
        ctk.CTkLabel(self.virtual_window, text='Nuevo proyecto', textvariable='', fg_color='transparent', corner_radius=0, text_color='black', width=0, height=28, font=('Arial', 35), anchor='center', compound='center', justify='center').place(x=35, y=32)
        ctk.CTkLabel(self.virtual_window, text='Configuracion de ventana:', textvariable='', fg_color='transparent', corner_radius=0, text_color='black', width=0, height=28, anchor='center', compound='center', justify='center').place(x=35, y=89)

if __name__ == '__main__':
    app = App()
    app.mainloop()
2024-12-02 16:39:25,703 - INFO - Exportación completada.
2024-12-02 16:39:59,973 - INFO - VirtualWindow inicializada con dimensiones 800x500 y canvas configurado.
2024-12-02 16:40:03,842 - INFO - Limpiando el contenido del VirtualWindow.
2024-12-02 16:40:03,842 - INFO - El contenido del VirtualWindow fue borrado correctamente.
2024-12-02 16:40:03,842 - INFO - Iniciando la importación de widgets desde el archivo: C:/Users/Thiago/Documents/CTkDesigner/a.py
2024-12-02 16:40:03,843 - DEBUG - Archivo C:/Users/Thiago/Documents/CTkDesigner/a.py leído correctamente.
2024-12-02 16:40:03,845 - DEBUG - Clase 'App' encontrada en el AST.
2024-12-02 16:40:03,846 - DEBUG - Función 'generic_widget_creator' encontrada en la clase 'App'.
2024-12-02 16:40:03,847 - INFO - Se encontró la función 'generic_widget_creator', procesando llamadas de widgets.
2024-12-02 16:40:03,847 - INFO - Procesando llamadas de widgets en 'generic_widget_creator'.
2024-12-02 16:40:03,847 - DEBUG - Extrayendo argumentos de widget y ubicación.
2024-12-02 16:40:03,848 - DEBUG - Argumentos de widget extraídos: {'text': 'Aceptar', 'command': None, 'fg_color': ['#3B8ED0', '#1F6AA5'], 'width': 140, 'height': 28, 'border_width': 0, 'border_color': ['#3E454A', '#949A9F'], 'hover_color': ['#36719F', '#144870'], 'text_color': ['#DCE4EE', '#DCE4EE'], 'border_spacing': 2, 'corner_radius': 6}, Argumentos de ubicación: {'x': 645, 'y': 459}.
2024-12-02 16:40:03,848 - DEBUG - Creando y colocando widget de tipo 'CTkButton' en (645, 459).
2024-12-02 16:40:03,848 - DEBUG - Intentando crear el widget del tipo 'CTkButton' con argumentos: {'text': 'Aceptar', 'command': None, 'fg_color': ['#3B8ED0', '#1F6AA5'], 'width': 140, 'height': 28, 'border_width': 0, 'border_color': ['#3E454A', '#949A9F'], 'hover_color': ['#36719F', '#144870'], 'text_color': ['#DCE4EE', '#DCE4EE'], 'border_spacing': 2, 'corner_radius': 6}.
2024-12-02 16:40:03,849 - DEBUG - Creando widget de tipo 'CTkButton' con argumentos: {'text': 'Aceptar', 'command': None, 'fg_color': ['#3B8ED0', '#1F6AA5'], 'width': 140, 'height': 28, 'border_width': 0, 'border_color': ['#3E454A', '#949A9F'], 'hover_color': ['#36719F', '#144870'], 'text_color': ['#DCE4EE', '#DCE4EE'], 'border_spacing': 2, 'corner_radius': 6}.
2024-12-02 16:40:03,853 - INFO - Widget 'CTkButton' creado con éxito.
2024-12-02 16:40:03,853 - INFO - Widget del tipo 'CTkButton' ubicado en (645, 459).
2024-12-02 16:40:03,853 - DEBUG - Extrayendo argumentos de widget y ubicación.
2024-12-02 16:40:03,854 - DEBUG - Argumentos de widget extraídos: {'placeholder_text': None, 'textvariable': None, 'fg_color': ['#F9F9FA', '#343638'], 'border_width': 2, 'border_color': ['#979DA2', '#565B5E'], 'text_color': ['gray10', '#DCE4EE'], 'width': 140, 'height': 28}, Argumentos de ubicación: {'x': 100, 'y': 129}.
2024-12-02 16:40:03,854 - DEBUG - Creando y colocando widget de tipo 'CTkEntry' en (100, 129).
2024-12-02 16:40:03,854 - DEBUG - Intentando crear el widget del tipo 'CTkEntry' con argumentos: {'placeholder_text': None, 'textvariable': None, 'fg_color': ['#F9F9FA', '#343638'], 'border_width': 2, 'border_color': ['#979DA2', '#565B5E'], 'text_color': ['gray10', '#DCE4EE'], 'width': 140, 'height': 28}.
2024-12-02 16:40:03,855 - DEBUG - Creando widget de tipo 'CTkEntry' con argumentos: {'placeholder_text': None, 'textvariable': None, 'fg_color': ['#F9F9FA', '#343638'], 'border_width': 2, 'border_color': ['#979DA2', '#565B5E'], 'text_color': ['gray10', '#DCE4EE'], 'width': 140, 'height': 28}.
2024-12-02 16:40:03,861 - INFO - Widget 'CTkEntry' creado con éxito.
2024-12-02 16:40:03,861 - INFO - Widget del tipo 'CTkEntry' ubicado en (100, 129).
2024-12-02 16:40:03,861 - DEBUG - Extrayendo argumentos de widget y ubicación.
2024-12-02 16:40:03,861 - DEBUG - Argumentos de widget extraídos: {'placeholder_text': None, 'textvariable': None, 'fg_color': ['#F9F9FA', '#343638'], 'border_width': 2, 'border_color': ['#979DA2', '#565B5E'], 'text_color': ['gray10', '#DCE4EE'], 'width': 140, 'height': 28}, Argumentos de ubicación: {'x': 100, 'y': 166}.
2024-12-02 16:40:03,862 - DEBUG - Creando y colocando widget de tipo 'CTkEntry' en (100, 166).
2024-12-02 16:40:03,862 - DEBUG - Intentando crear el widget del tipo 'CTkEntry' con argumentos: {'placeholder_text': None, 'textvariable': None, 'fg_color': ['#F9F9FA', '#343638'], 'border_width': 2, 'border_color': ['#979DA2', '#565B5E'], 'text_color': ['gray10', '#DCE4EE'], 'width': 140, 'height': 28}.
2024-12-02 16:40:03,863 - DEBUG - Creando widget de tipo 'CTkEntry' con argumentos: {'placeholder_text': None, 'textvariable': None, 'fg_color': ['#F9F9FA', '#343638'], 'border_width': 2, 'border_color': ['#979DA2', '#565B5E'], 'text_color': ['gray10', '#DCE4EE'], 'width': 140, 'height': 28}.
2024-12-02 16:40:03,869 - INFO - Widget 'CTkEntry' creado con éxito.
2024-12-02 16:40:03,869 - INFO - Widget del tipo 'CTkEntry' ubicado en (100, 166).
2024-12-02 16:40:03,870 - DEBUG - Extrayendo argumentos de widget y ubicación.
2024-12-02 16:40:03,870 - DEBUG - Argumentos de widget extraídos: {'text': 'Altura:', 'textvariable': '', 'fg_color': 'transparent', 'corner_radius': 0, 'text_color': 'black', 'width': 0, 'height': 28, 'anchor': 'center', 'compound': 'center', 'justify': 'center'}, Argumentos de ubicación: {'x': 35, 'y': 129}.
2024-12-02 16:40:03,870 - DEBUG - Creando y colocando widget de tipo 'CTkLabel' en (35, 129).
2024-12-02 16:40:03,871 - DEBUG - Intentando crear el widget del tipo 'CTkLabel' con argumentos: {'text': 'Altura:', 'textvariable': '', 'fg_color': 'transparent', 'corner_radius': 0, 'text_color': 'black', 'width': 0, 'height': 28, 'anchor': 'center', 'compound': 'center', 'justify': 'center'}.
2024-12-02 16:40:03,871 - DEBUG - Creando widget de tipo 'CTkLabel' con argumentos: {'text': 'Altura:', 'textvariable': '', 'fg_color': 'transparent', 'corner_radius': 0, 'text_color': 'black', 'width': 0, 'height': 28, 'anchor': 'center', 'compound': 'center', 'justify': 'center'}.
2024-12-02 16:40:03,872 - INFO - Widget 'CTkLabel' creado con éxito.
2024-12-02 16:40:03,873 - INFO - Widget del tipo 'CTkLabel' ubicado en (35, 129).
2024-12-02 16:40:03,873 - DEBUG - Extrayendo argumentos de widget y ubicación.
2024-12-02 16:40:03,873 - DEBUG - Argumentos de widget extraídos: {'text': 'Anchura:', 'textvariable': '', 'fg_color': 'transparent', 'corner_radius': 0, 'text_color': 'black', 'width': 0, 'height': 28, 'anchor': 'center', 'compound': 'center', 'justify': 'center'}, Argumentos de ubicación: {'x': 37, 'y': 166}.
2024-12-02 16:40:03,873 - DEBUG - Creando y colocando widget de tipo 'CTkLabel' en (37, 166).
2024-12-02 16:40:03,874 - DEBUG - Intentando crear el widget del tipo 'CTkLabel' con argumentos: {'text': 'Anchura:', 'textvariable': '', 'fg_color': 'transparent', 'corner_radius': 0, 'text_color': 'black', 'width': 0, 'height': 28, 'anchor': 'center', 'compound': 'center', 'justify': 'center'}.
2024-12-02 16:40:03,874 - DEBUG - Creando widget de tipo 'CTkLabel' con argumentos: {'text': 'Anchura:', 'textvariable': '', 'fg_color': 'transparent', 'corner_radius': 0, 'text_color': 'black', 'width': 0, 'height': 28, 'anchor': 'center', 'compound': 'center', 'justify': 'center'}.
2024-12-02 16:40:03,875 - INFO - Widget 'CTkLabel' creado con éxito.
2024-12-02 16:40:03,876 - INFO - Widget del tipo 'CTkLabel' ubicado en (37, 166).
2024-12-02 16:40:03,876 - DEBUG - Extrayendo argumentos de widget y ubicación.
2024-12-02 16:40:03,876 - DEBUG - Argumentos de widget extraídos: {'text': 'Nuevo proyecto', 'textvariable': '', 'fg_color': 'transparent', 'corner_radius': 0, 'text_color': 'black', 'width': 0, 'height': 28, 'font': ('Arial', 35), 'anchor': 'center', 'compound': 'center', 'justify': 'center'}, Argumentos de ubicación: {'x': 35, 'y': 32}.
2024-12-02 16:40:03,876 - DEBUG - Creando y colocando widget de tipo 'CTkLabel' en (35, 32).
2024-12-02 16:40:03,877 - DEBUG - Intentando crear el widget del tipo 'CTkLabel' con argumentos: {'text': 'Nuevo proyecto', 'textvariable': '', 'fg_color': 'transparent', 'corner_radius': 0, 'text_color': 'black', 'width': 0, 'height': 28, 'font': ('Arial', 35), 'anchor': 'center', 'compound': 'center', 'justify': 'center'}.
2024-12-02 16:40:03,877 - DEBUG - Creando widget de tipo 'CTkLabel' con argumentos: {'text': 'Nuevo proyecto', 'textvariable': '', 'fg_color': 'transparent', 'corner_radius': 0, 'text_color': 'black', 'width': 0, 'height': 28, 'font': ('Arial', 35), 'anchor': 'center', 'compound': 'center', 'justify': 'center'}.
2024-12-02 16:40:03,879 - INFO - Widget 'CTkLabel' creado con éxito.
2024-12-02 16:40:03,879 - INFO - Widget del tipo 'CTkLabel' ubicado en (35, 32).
2024-12-02 16:40:03,879 - DEBUG - Extrayendo argumentos de widget y ubicación.
2024-12-02 16:40:03,880 - DEBUG - Argumentos de widget extraídos: {'text': 'Configuracion de ventana:', 'textvariable': '', 'fg_color': 'transparent', 'corner_radius': 0, 'text_color': 'black', 'width': 0, 'height': 28, 'anchor': 'center', 'compound': 'center', 'justify': 'center'}, Argumentos de ubicación: {'x': 35, 'y': 89}.
2024-12-02 16:40:03,880 - DEBUG - Creando y colocando widget de tipo 'CTkLabel' en (35, 89).
2024-12-02 16:40:03,880 - DEBUG - Intentando crear el widget del tipo 'CTkLabel' con argumentos: {'text': 'Configuracion de ventana:', 'textvariable': '', 'fg_color': 'transparent', 'corner_radius': 0, 'text_color': 'black', 'width': 0, 'height': 28, 'anchor': 'center', 'compound': 'center', 'justify': 'center'}.
2024-12-02 16:40:03,881 - DEBUG - Creando widget de tipo 'CTkLabel' con argumentos: {'text': 'Configuracion de ventana:', 'textvariable': '', 'fg_color': 'transparent', 'corner_radius': 0, 'text_color': 'black', 'width': 0, 'height': 28, 'anchor': 'center', 'compound': 'center', 'justify': 'center'}.
2024-12-02 16:40:03,882 - INFO - Widget 'CTkLabel' creado con éxito.
2024-12-02 16:40:03,883 - INFO - Widget del tipo 'CTkLabel' ubicado en (35, 89).
2024-12-02 16:40:03,884 - INFO - Importación completada exitosamente.
2024-12-02 16:40:05,078 - INFO - Mostrando configuración para widget: CTkLabel
2024-12-02 16:40:08,959 - ERROR - Error al actualizar 'font': invalid literal for int() with base 10: 'A'. Valor ingresado: A
2024-12-02 16:40:09,027 - ERROR - Error al actualizar 'font': invalid literal for int() with base 10: 'A'. Valor ingresado: A
2024-12-02 16:40:09,192 - ERROR - Error al actualizar 'font': invalid literal for int() with base 10: 'Ar'. Valor ingresado: Ar
2024-12-02 16:40:09,362 - ERROR - Error al actualizar 'font': invalid literal for int() with base 10: 'Aria'. Valor ingresado: Aria
2024-12-02 16:40:09,505 - ERROR - Error al actualizar 'font': invalid literal for int() with base 10: 'Aria'. Valor ingresado: Aria
2024-12-02 16:40:09,606 - ERROR - Error al actualizar 'font': invalid literal for int() with base 10: 'Arial'. Valor ingresado: Arial
2024-12-02 16:40:09,902 - ERROR - Error al actualizar 'font': invalid literal for int() with base 10: 'Arial '. Valor ingresado: Arial 
2024-12-02 16:40:10,102 - INFO - Propiedad 'font' actualizada a: (Arial, 1)
2024-12-02 16:40:10,203 - INFO - Propiedad 'font' actualizada a: (Arial, 18)
2024-12-02 16:40:16,282 - INFO - Mostrando configuración para widget: CTkEntry
2024-12-02 16:41:42,314 - INFO - Mostrando configuración para widget: CTkButton
2024-12-02 16:42:24,027 - INFO - Mostrando configuración para widget: CTkButton
2024-12-02 16:44:02,701 - INFO - Propiedad 'fg_color' actualizada a: #2E2E2E
2024-12-02 16:44:03,125 - INFO - Propiedad 'fg_color' actualizada a: #2E2E2E
2024-12-02 16:44:15,468 - INFO - Propiedad 'hover_color' actualizada a: 3A3A3A
2024-12-02 16:44:15,503 - INFO - Propiedad 'hover_color' actualizada a: 3A3A3A
2024-12-02 16:44:17,374 - INFO - Propiedad 'hover_color' actualizada a: 3A3A3A
2024-12-02 16:44:17,965 - INFO - Propiedad 'hover_color' actualizada a: #3A3A3A
2024-12-02 16:44:18,000 - INFO - Propiedad 'hover_color' actualizada a: #3A3A3A
2024-12-02 16:44:40,192 - ERROR - Error al actualizar 'corner_radius': invalid literal for int() with base 10: ''. Valor ingresado: 
2024-12-02 16:44:40,392 - INFO - Propiedad 'corner_radius' actualizada a: 8
2024-12-02 16:44:49,623 - INFO - Propiedad 'border_color' actualizada a: 5A5A5A
2024-12-02 16:44:50,115 - INFO - Propiedad 'border_color' actualizada a: 5A5A5A
2024-12-02 16:44:51,572 - INFO - Propiedad 'border_color' actualizada a: 5A5A5A
2024-12-02 16:44:52,197 - INFO - Propiedad 'border_color' actualizada a: #5A5A5A
2024-12-02 16:44:52,203 - INFO - Propiedad 'border_color' actualizada a: #5A5A5A
2024-12-02 16:45:00,279 - INFO - Propiedad 'border_color' actualizada a: 5A5A5A
2024-12-02 16:45:01,128 - INFO - Propiedad 'border_color' actualizada a: #5A5A5A
2024-12-02 16:45:01,134 - INFO - Propiedad 'border_color' actualizada a: #5A5A5A
2024-12-02 16:45:25,791 - ERROR - Error al actualizar 'border_width': invalid literal for int() with base 10: ''. Valor ingresado: 
2024-12-02 16:45:25,929 - INFO - Propiedad 'border_width' actualizada a: 2
2024-12-02 16:45:37,338 - INFO - Mostrando configuración para widget: VirtualWindow
2024-12-02 16:45:52,514 - DEBUG - Intentando exportar archivo a C:/Users/Thiago/Documents/CTkDesigner/a.py.
2024-12-02 16:45:52,517 - DEBUG - Cargando parametros de la ventana...
2024-12-02 16:45:52,519 - DEBUG - Procediendo a crear las líneas...
2024-12-02 16:45:52,520 - INFO - Exportando: text=Aceptar
2024-12-02 16:45:52,520 - INFO - Exportando: command=None
2024-12-02 16:45:52,521 - INFO - Exportando: fg_color=#2E2E2E
2024-12-02 16:45:52,521 - INFO - Exportando: width=140
2024-12-02 16:45:52,521 - INFO - Exportando: height=28
2024-12-02 16:45:52,521 - INFO - Exportando: border_width=2
2024-12-02 16:45:52,521 - INFO - Exportando: border_color=#5A5A5A
2024-12-02 16:45:52,521 - INFO - Exportando: hover_color=#3A3A3A
2024-12-02 16:45:52,522 - INFO - Exportando: text_color=['#DCE4EE', '#DCE4EE']
2024-12-02 16:45:52,522 - INFO - Exportando: border_spacing=2
2024-12-02 16:45:52,522 - INFO - Exportando: corner_radius=8
2024-12-02 16:45:52,524 - INFO - Exportando: placeholder_text=None
2024-12-02 16:45:52,525 - INFO - Exportando: textvariable=None
2024-12-02 16:45:52,525 - INFO - Exportando: fg_color=['#F9F9FA', '#343638']
2024-12-02 16:45:52,525 - INFO - Exportando: border_width=2
2024-12-02 16:45:52,525 - INFO - Exportando: border_color=['#979DA2', '#565B5E']
2024-12-02 16:45:52,525 - INFO - Exportando: text_color=['gray10', '#DCE4EE']
2024-12-02 16:45:52,526 - INFO - Exportando: width=140
2024-12-02 16:45:52,526 - INFO - Exportando: height=28
2024-12-02 16:45:52,526 - WARNING - El parámetro 'font' con valor font21 no se exportará.
2024-12-02 16:45:52,531 - INFO - Exportando: placeholder_text=None
2024-12-02 16:45:52,531 - INFO - Exportando: textvariable=None
2024-12-02 16:45:52,531 - INFO - Exportando: fg_color=['#F9F9FA', '#343638']
2024-12-02 16:45:52,531 - INFO - Exportando: border_width=2
2024-12-02 16:45:52,531 - INFO - Exportando: border_color=['#979DA2', '#565B5E']
2024-12-02 16:45:52,531 - INFO - Exportando: text_color=['gray10', '#DCE4EE']
2024-12-02 16:45:52,531 - INFO - Exportando: width=140
2024-12-02 16:45:52,531 - INFO - Exportando: height=28
2024-12-02 16:45:52,531 - WARNING - El parámetro 'font' con valor font22 no se exportará.
2024-12-02 16:45:52,533 - INFO - Exportando: text=Altura:
2024-12-02 16:45:52,534 - INFO - Exportando: textvariable=
2024-12-02 16:45:52,534 - INFO - Exportando: fg_color=transparent
2024-12-02 16:45:52,534 - INFO - Exportando: corner_radius=0
2024-12-02 16:45:52,535 - INFO - Exportando: text_color=black
2024-12-02 16:45:52,535 - INFO - Exportando: width=0
2024-12-02 16:45:52,536 - INFO - Exportando: height=28
2024-12-02 16:45:52,536 - WARNING - El parámetro 'font' con valor font23 no se exportará.
2024-12-02 16:45:52,537 - INFO - Exportando: anchor=center
2024-12-02 16:45:52,537 - INFO - Exportando: compound=center
2024-12-02 16:45:52,537 - INFO - Exportando: justify=center
2024-12-02 16:45:52,541 - INFO - Exportando: text=Anchura:
2024-12-02 16:45:52,541 - INFO - Exportando: textvariable=
2024-12-02 16:45:52,541 - INFO - Exportando: fg_color=transparent
2024-12-02 16:45:52,541 - INFO - Exportando: corner_radius=0
2024-12-02 16:45:52,542 - INFO - Exportando: text_color=black
2024-12-02 16:45:52,542 - INFO - Exportando: width=0
2024-12-02 16:45:52,542 - INFO - Exportando: height=28
2024-12-02 16:45:52,543 - WARNING - El parámetro 'font' con valor font24 no se exportará.
2024-12-02 16:45:52,543 - INFO - Exportando: anchor=center
2024-12-02 16:45:52,543 - INFO - Exportando: compound=center
2024-12-02 16:45:52,543 - INFO - Exportando: justify=center
2024-12-02 16:45:52,546 - INFO - Exportando: text=Nuevo proyecto
2024-12-02 16:45:52,546 - INFO - Exportando: textvariable=
2024-12-02 16:45:52,546 - INFO - Exportando: fg_color=transparent
2024-12-02 16:45:52,546 - INFO - Exportando: corner_radius=0
2024-12-02 16:45:52,546 - INFO - Exportando: text_color=black
2024-12-02 16:45:52,547 - INFO - Exportando: width=0
2024-12-02 16:45:52,547 - INFO - Exportando: height=28
2024-12-02 16:45:52,547 - INFO - Exportando: font=('Arial', 35)
2024-12-02 16:45:52,547 - INFO - Exportando: anchor=center
2024-12-02 16:45:52,547 - INFO - Exportando: compound=center
2024-12-02 16:45:52,548 - INFO - Exportando: justify=center
2024-12-02 16:45:52,549 - INFO - Exportando: text=Configuracion de ventana:
2024-12-02 16:45:52,550 - INFO - Exportando: textvariable=
2024-12-02 16:45:52,550 - INFO - Exportando: fg_color=transparent
2024-12-02 16:45:52,550 - INFO - Exportando: corner_radius=0
2024-12-02 16:45:52,550 - INFO - Exportando: text_color=black
2024-12-02 16:45:52,550 - INFO - Exportando: width=0
2024-12-02 16:45:52,551 - INFO - Exportando: height=28
2024-12-02 16:45:52,551 - INFO - Exportando: font=('Arial', 18)
2024-12-02 16:45:52,551 - INFO - Exportando: anchor=center
2024-12-02 16:45:52,551 - INFO - Exportando: compound=center
2024-12-02 16:45:52,552 - INFO - Exportando: justify=center
2024-12-02 16:45:52,554 - INFO - Lineas creadas exitosamente.
 Escribiendo archivo...
2024-12-02 16:45:52,555 - INFO - # Codigo generado automaticamente desde una VirtualWindow
import customtkinter as ctk

class App(ctk.CTk):
    def __init__(self):
        super().__init__()
        self.geometry('800x500')
        self.title('Exported Virtual Window')

        self.virtual_window = ctk.CTkFrame(self, fg_color='white', bg_color='lightgrey', width=800, height=500)
        self.virtual_window.pack(expand=True, fill='both')
        self.generic_widget_creator()

    def generic_widget_creator(self):
        ctk.CTkButton(self.virtual_window, text='Aceptar', command=None, fg_color='#2E2E2E', width=140, height=28, border_width=2, border_color='#5A5A5A', hover_color='#3A3A3A', text_color=['#DCE4EE', '#DCE4EE'], border_spacing=2, corner_radius=8).place(x=645, y=459)
        ctk.CTkEntry(self.virtual_window, placeholder_text=None, textvariable=None, fg_color=['#F9F9FA', '#343638'], border_width=2, border_color=['#979DA2', '#565B5E'], text_color=['gray10', '#DCE4EE'], width=140, height=28).place(x=100, y=129)
        ctk.CTkEntry(self.virtual_window, placeholder_text=None, textvariable=None, fg_color=['#F9F9FA', '#343638'], border_width=2, border_color=['#979DA2', '#565B5E'], text_color=['gray10', '#DCE4EE'], width=140, height=28).place(x=100, y=166)
        ctk.CTkLabel(self.virtual_window, text='Altura:', textvariable='', fg_color='transparent', corner_radius=0, text_color='black', width=0, height=28, anchor='center', compound='center', justify='center').place(x=35, y=129)
        ctk.CTkLabel(self.virtual_window, text='Anchura:', textvariable='', fg_color='transparent', corner_radius=0, text_color='black', width=0, height=28, anchor='center', compound='center', justify='center').place(x=37, y=166)
        ctk.CTkLabel(self.virtual_window, text='Nuevo proyecto', textvariable='', fg_color='transparent', corner_radius=0, text_color='black', width=0, height=28, font=('Arial', 35), anchor='center', compound='center', justify='center').place(x=35, y=32)
        ctk.CTkLabel(self.virtual_window, text='Configuracion de ventana:', textvariable='', fg_color='transparent', corner_radius=0, text_color='black', width=0, height=28, font=('Arial', 18), anchor='center', compound='center', justify='center').place(x=35, y=89)

if __name__ == '__main__':
    app = App()
    app.mainloop()
2024-12-02 16:45:52,561 - INFO - Exportación completada.
2024-12-02 16:46:40,756 - INFO - VirtualWindow inicializada con dimensiones 800x500 y canvas configurado.
2024-12-02 16:46:43,983 - INFO - Limpiando el contenido del VirtualWindow.
2024-12-02 16:46:43,983 - INFO - El contenido del VirtualWindow fue borrado correctamente.
2024-12-02 16:46:43,983 - INFO - Iniciando la importación de widgets desde el archivo: C:/Users/Thiago/Documents/CTkDesigner/a.py
2024-12-02 16:46:43,984 - DEBUG - Archivo C:/Users/Thiago/Documents/CTkDesigner/a.py leído correctamente.
2024-12-02 16:46:43,986 - DEBUG - Clase 'App' encontrada en el AST.
2024-12-02 16:46:43,988 - DEBUG - Función 'generic_widget_creator' encontrada en la clase 'App'.
2024-12-02 16:46:43,988 - INFO - Se encontró la función 'generic_widget_creator', procesando llamadas de widgets.
2024-12-02 16:46:43,988 - INFO - Procesando llamadas de widgets en 'generic_widget_creator'.
2024-12-02 16:46:43,988 - DEBUG - Extrayendo argumentos de widget y ubicación.
2024-12-02 16:46:43,989 - DEBUG - Argumentos de widget extraídos: {'text': 'Aceptar', 'command': None, 'fg_color': '#2E2E2E', 'width': 140, 'height': 28, 'border_width': 2, 'border_color': '#5A5A5A', 'hover_color': '#3A3A3A', 'text_color': ['#DCE4EE', '#DCE4EE'], 'border_spacing': 2, 'corner_radius': 8}, Argumentos de ubicación: {'x': 645, 'y': 459}.
2024-12-02 16:46:43,989 - DEBUG - Creando y colocando widget de tipo 'CTkButton' en (645, 459).
2024-12-02 16:46:43,990 - DEBUG - Intentando crear el widget del tipo 'CTkButton' con argumentos: {'text': 'Aceptar', 'command': None, 'fg_color': '#2E2E2E', 'width': 140, 'height': 28, 'border_width': 2, 'border_color': '#5A5A5A', 'hover_color': '#3A3A3A', 'text_color': ['#DCE4EE', '#DCE4EE'], 'border_spacing': 2, 'corner_radius': 8}.
2024-12-02 16:46:43,990 - DEBUG - Creando widget de tipo 'CTkButton' con argumentos: {'text': 'Aceptar', 'command': None, 'fg_color': '#2E2E2E', 'width': 140, 'height': 28, 'border_width': 2, 'border_color': '#5A5A5A', 'hover_color': '#3A3A3A', 'text_color': ['#DCE4EE', '#DCE4EE'], 'border_spacing': 2, 'corner_radius': 8}.
2024-12-02 16:46:43,996 - INFO - Widget 'CTkButton' creado con éxito.
2024-12-02 16:46:43,997 - INFO - Widget del tipo 'CTkButton' ubicado en (645, 459).
2024-12-02 16:46:43,997 - DEBUG - Extrayendo argumentos de widget y ubicación.
2024-12-02 16:46:43,997 - DEBUG - Argumentos de widget extraídos: {'placeholder_text': None, 'textvariable': None, 'fg_color': ['#F9F9FA', '#343638'], 'border_width': 2, 'border_color': ['#979DA2', '#565B5E'], 'text_color': ['gray10', '#DCE4EE'], 'width': 140, 'height': 28}, Argumentos de ubicación: {'x': 100, 'y': 129}.
2024-12-02 16:46:43,998 - DEBUG - Creando y colocando widget de tipo 'CTkEntry' en (100, 129).
2024-12-02 16:46:43,998 - DEBUG - Intentando crear el widget del tipo 'CTkEntry' con argumentos: {'placeholder_text': None, 'textvariable': None, 'fg_color': ['#F9F9FA', '#343638'], 'border_width': 2, 'border_color': ['#979DA2', '#565B5E'], 'text_color': ['gray10', '#DCE4EE'], 'width': 140, 'height': 28}.
2024-12-02 16:46:43,999 - DEBUG - Creando widget de tipo 'CTkEntry' con argumentos: {'placeholder_text': None, 'textvariable': None, 'fg_color': ['#F9F9FA', '#343638'], 'border_width': 2, 'border_color': ['#979DA2', '#565B5E'], 'text_color': ['gray10', '#DCE4EE'], 'width': 140, 'height': 28}.
2024-12-02 16:46:44,005 - INFO - Widget 'CTkEntry' creado con éxito.
2024-12-02 16:46:44,005 - INFO - Widget del tipo 'CTkEntry' ubicado en (100, 129).
2024-12-02 16:46:44,006 - DEBUG - Extrayendo argumentos de widget y ubicación.
2024-12-02 16:46:44,006 - DEBUG - Argumentos de widget extraídos: {'placeholder_text': None, 'textvariable': None, 'fg_color': ['#F9F9FA', '#343638'], 'border_width': 2, 'border_color': ['#979DA2', '#565B5E'], 'text_color': ['gray10', '#DCE4EE'], 'width': 140, 'height': 28}, Argumentos de ubicación: {'x': 100, 'y': 166}.
2024-12-02 16:46:44,006 - DEBUG - Creando y colocando widget de tipo 'CTkEntry' en (100, 166).
2024-12-02 16:46:44,007 - DEBUG - Intentando crear el widget del tipo 'CTkEntry' con argumentos: {'placeholder_text': None, 'textvariable': None, 'fg_color': ['#F9F9FA', '#343638'], 'border_width': 2, 'border_color': ['#979DA2', '#565B5E'], 'text_color': ['gray10', '#DCE4EE'], 'width': 140, 'height': 28}.
2024-12-02 16:46:44,007 - DEBUG - Creando widget de tipo 'CTkEntry' con argumentos: {'placeholder_text': None, 'textvariable': None, 'fg_color': ['#F9F9FA', '#343638'], 'border_width': 2, 'border_color': ['#979DA2', '#565B5E'], 'text_color': ['gray10', '#DCE4EE'], 'width': 140, 'height': 28}.
2024-12-02 16:46:44,013 - INFO - Widget 'CTkEntry' creado con éxito.
2024-12-02 16:46:44,013 - INFO - Widget del tipo 'CTkEntry' ubicado en (100, 166).
2024-12-02 16:46:44,013 - DEBUG - Extrayendo argumentos de widget y ubicación.
2024-12-02 16:46:44,014 - DEBUG - Argumentos de widget extraídos: {'text': 'Altura:', 'textvariable': '', 'fg_color': 'transparent', 'corner_radius': 0, 'text_color': 'black', 'width': 0, 'height': 28, 'anchor': 'center', 'compound': 'center', 'justify': 'center'}, Argumentos de ubicación: {'x': 35, 'y': 129}.
2024-12-02 16:46:44,014 - DEBUG - Creando y colocando widget de tipo 'CTkLabel' en (35, 129).
2024-12-02 16:46:44,014 - DEBUG - Intentando crear el widget del tipo 'CTkLabel' con argumentos: {'text': 'Altura:', 'textvariable': '', 'fg_color': 'transparent', 'corner_radius': 0, 'text_color': 'black', 'width': 0, 'height': 28, 'anchor': 'center', 'compound': 'center', 'justify': 'center'}.
2024-12-02 16:46:44,015 - DEBUG - Creando widget de tipo 'CTkLabel' con argumentos: {'text': 'Altura:', 'textvariable': '', 'fg_color': 'transparent', 'corner_radius': 0, 'text_color': 'black', 'width': 0, 'height': 28, 'anchor': 'center', 'compound': 'center', 'justify': 'center'}.
2024-12-02 16:46:44,016 - INFO - Widget 'CTkLabel' creado con éxito.
2024-12-02 16:46:44,017 - INFO - Widget del tipo 'CTkLabel' ubicado en (35, 129).
2024-12-02 16:46:44,018 - DEBUG - Extrayendo argumentos de widget y ubicación.
2024-12-02 16:46:44,018 - DEBUG - Argumentos de widget extraídos: {'text': 'Anchura:', 'textvariable': '', 'fg_color': 'transparent', 'corner_radius': 0, 'text_color': 'black', 'width': 0, 'height': 28, 'anchor': 'center', 'compound': 'center', 'justify': 'center'}, Argumentos de ubicación: {'x': 37, 'y': 166}.
2024-12-02 16:46:44,018 - DEBUG - Creando y colocando widget de tipo 'CTkLabel' en (37, 166).
2024-12-02 16:46:44,019 - DEBUG - Intentando crear el widget del tipo 'CTkLabel' con argumentos: {'text': 'Anchura:', 'textvariable': '', 'fg_color': 'transparent', 'corner_radius': 0, 'text_color': 'black', 'width': 0, 'height': 28, 'anchor': 'center', 'compound': 'center', 'justify': 'center'}.
2024-12-02 16:46:44,019 - DEBUG - Creando widget de tipo 'CTkLabel' con argumentos: {'text': 'Anchura:', 'textvariable': '', 'fg_color': 'transparent', 'corner_radius': 0, 'text_color': 'black', 'width': 0, 'height': 28, 'anchor': 'center', 'compound': 'center', 'justify': 'center'}.
2024-12-02 16:46:44,021 - INFO - Widget 'CTkLabel' creado con éxito.
2024-12-02 16:46:44,021 - INFO - Widget del tipo 'CTkLabel' ubicado en (37, 166).
2024-12-02 16:46:44,021 - DEBUG - Extrayendo argumentos de widget y ubicación.
2024-12-02 16:46:44,022 - DEBUG - Argumentos de widget extraídos: {'text': 'Nuevo proyecto', 'textvariable': '', 'fg_color': 'transparent', 'corner_radius': 0, 'text_color': 'black', 'width': 0, 'height': 28, 'font': ('Arial', 35), 'anchor': 'center', 'compound': 'center', 'justify': 'center'}, Argumentos de ubicación: {'x': 35, 'y': 32}.
2024-12-02 16:46:44,022 - DEBUG - Creando y colocando widget de tipo 'CTkLabel' en (35, 32).
2024-12-02 16:46:44,022 - DEBUG - Intentando crear el widget del tipo 'CTkLabel' con argumentos: {'text': 'Nuevo proyecto', 'textvariable': '', 'fg_color': 'transparent', 'corner_radius': 0, 'text_color': 'black', 'width': 0, 'height': 28, 'font': ('Arial', 35), 'anchor': 'center', 'compound': 'center', 'justify': 'center'}.
2024-12-02 16:46:44,023 - DEBUG - Creando widget de tipo 'CTkLabel' con argumentos: {'text': 'Nuevo proyecto', 'textvariable': '', 'fg_color': 'transparent', 'corner_radius': 0, 'text_color': 'black', 'width': 0, 'height': 28, 'font': ('Arial', 35), 'anchor': 'center', 'compound': 'center', 'justify': 'center'}.
2024-12-02 16:46:44,024 - INFO - Widget 'CTkLabel' creado con éxito.
2024-12-02 16:46:44,025 - INFO - Widget del tipo 'CTkLabel' ubicado en (35, 32).
2024-12-02 16:46:44,025 - DEBUG - Extrayendo argumentos de widget y ubicación.
2024-12-02 16:46:44,025 - DEBUG - Argumentos de widget extraídos: {'text': 'Configuracion de ventana:', 'textvariable': '', 'fg_color': 'transparent', 'corner_radius': 0, 'text_color': 'black', 'width': 0, 'height': 28, 'font': ('Arial', 18), 'anchor': 'center', 'compound': 'center', 'justify': 'center'}, Argumentos de ubicación: {'x': 35, 'y': 89}.
2024-12-02 16:46:44,026 - DEBUG - Creando y colocando widget de tipo 'CTkLabel' en (35, 89).
2024-12-02 16:46:44,026 - DEBUG - Intentando crear el widget del tipo 'CTkLabel' con argumentos: {'text': 'Configuracion de ventana:', 'textvariable': '', 'fg_color': 'transparent', 'corner_radius': 0, 'text_color': 'black', 'width': 0, 'height': 28, 'font': ('Arial', 18), 'anchor': 'center', 'compound': 'center', 'justify': 'center'}.
2024-12-02 16:46:44,026 - DEBUG - Creando widget de tipo 'CTkLabel' con argumentos: {'text': 'Configuracion de ventana:', 'textvariable': '', 'fg_color': 'transparent', 'corner_radius': 0, 'text_color': 'black', 'width': 0, 'height': 28, 'font': ('Arial', 18), 'anchor': 'center', 'compound': 'center', 'justify': 'center'}.
2024-12-02 16:46:44,027 - INFO - Widget 'CTkLabel' creado con éxito.
2024-12-02 16:46:44,028 - INFO - Widget del tipo 'CTkLabel' ubicado en (35, 89).
2024-12-02 16:46:44,029 - INFO - Importación completada exitosamente.
2024-12-02 16:47:12,966 - DEBUG - Intentando agregar widget de tipo 'CTkCheckBox'.
2024-12-02 16:47:12,966 - DEBUG - Creando widget de tipo 'CTkCheckBox' con argumentos: {}.
2024-12-02 16:47:12,972 - INFO - Widget 'CTkCheckBox' creado con éxito.
2024-12-02 16:47:12,972 - INFO - Widget de tipo 'CTkCheckBox' agregado en posición inicial (100, 100).
2024-12-02 16:47:19,036 - INFO - Mostrando configuración para widget: CTkCheckBox
2024-12-02 16:47:33,488 - INFO - Mostrando configuración para widget: CTkButton
2024-12-02 16:47:34,902 - INFO - Mostrando configuración para widget: CTkButton
2024-12-02 16:47:41,435 - INFO - Propiedad 'fg_color' actualizada a: #2E2E2E
2024-12-02 16:47:41,440 - INFO - Propiedad 'fg_color' actualizada a: #2E2E2E
2024-12-02 16:47:41,738 - INFO - Mostrando configuración para widget: CTkCheckBox
2024-12-02 16:47:45,686 - ERROR - Error al actualizar 'fg_color': invalid literal for int() with base 10: "['#3B8ED0', '#1F6AA5']". Valor ingresado: ['#3B8ED0', '#1F6AA5']
2024-12-02 16:47:46,802 - INFO - Propiedad 'fg_color' actualizada a: #2E2E2E
2024-12-02 16:47:47,162 - INFO - Propiedad 'fg_color' actualizada a: #2E2E2E
2024-12-02 16:47:49,619 - INFO - Propiedad 'fg_color' actualizada a: #2E2E2E
2024-12-02 16:47:50,077 - INFO - Propiedad 'fg_color' actualizada a: #2E2E2E
2024-12-02 16:47:55,674 - INFO - Propiedad 'text_color' actualizada a: #2E2E2E
2024-12-02 16:47:55,839 - INFO - Propiedad 'text_color' actualizada a: #2E2E2E
2024-12-02 16:48:08,584 - INFO - Mostrando configuración para widget: CTkButton
2024-12-02 16:48:11,572 - INFO - Propiedad 'hover_color' actualizada a: #3A3A3A
2024-12-02 16:48:11,607 - INFO - Propiedad 'hover_color' actualizada a: #3A3A3A
2024-12-02 16:48:12,530 - INFO - Mostrando configuración para widget: CTkCheckBox
2024-12-02 16:48:15,499 - INFO - Propiedad 'hover_color' actualizada a: #3A3A3A
2024-12-02 16:48:15,793 - INFO - Propiedad 'hover_color' actualizada a: #3A3A3A
2024-12-02 16:48:20,385 - INFO - Mostrando configuración para widget: CTkButton
2024-12-02 16:48:25,575 - INFO - Propiedad 'border_color' actualizada a: #5A5A5A
2024-12-02 16:48:25,611 - INFO - Propiedad 'border_color' actualizada a: #5A5A5A
2024-12-02 16:48:26,052 - INFO - Mostrando configuración para widget: CTkCheckBox
2024-12-02 16:48:28,030 - INFO - Propiedad 'border_color' actualizada a: #5A5A5A
2024-12-02 16:48:28,227 - INFO - Propiedad 'border_color' actualizada a: #5A5A5A
2024-12-02 16:48:32,936 - ERROR - Error al actualizar 'border_width': invalid literal for int() with base 10: ''. Valor ingresado: 
2024-12-02 16:48:33,112 - INFO - Propiedad 'border_width' actualizada a: 6
2024-12-02 16:48:34,452 - ERROR - Error al actualizar 'border_width': invalid literal for int() with base 10: ''. Valor ingresado: 
2024-12-02 16:48:34,753 - INFO - Propiedad 'border_width' actualizada a: 3
2024-12-02 16:48:35,436 - ERROR - Error al actualizar 'border_width': invalid literal for int() with base 10: ''. Valor ingresado: 
2024-12-02 16:48:35,637 - INFO - Propiedad 'border_width' actualizada a: 2
2024-12-02 16:48:35,963 - ERROR - Error al actualizar 'border_width': invalid literal for int() with base 10: ''. Valor ingresado: 
2024-12-02 16:48:37,927 - INFO - Propiedad 'border_width' actualizada a: 9
2024-12-02 16:48:39,791 - ERROR - Error al actualizar 'border_width': invalid literal for int() with base 10: ''. Valor ingresado: 
2024-12-02 16:48:40,031 - INFO - Propiedad 'border_width' actualizada a: 3
2024-12-02 16:54:14,722 - INFO - Propiedad 'text' actualizada a: L
2024-12-02 16:54:14,736 - INFO - Propiedad 'text' actualizada a: L
2024-12-02 16:54:14,922 - INFO - Propiedad 'text' actualizada a: La
2024-12-02 16:54:15,251 - INFO - Propiedad 'text' actualizada a: La 
2024-12-02 16:54:15,515 - INFO - Propiedad 'text' actualizada a: La v
2024-12-02 16:54:15,752 - INFO - Propiedad 'text' actualizada a: La ve
2024-12-02 16:54:15,886 - INFO - Propiedad 'text' actualizada a: La ven
2024-12-02 16:54:16,019 - INFO - Propiedad 'text' actualizada a: La vent
2024-12-02 16:54:16,185 - INFO - Propiedad 'text' actualizada a: La venta
2024-12-02 16:54:16,351 - INFO - Propiedad 'text' actualizada a: La ventan
2024-12-02 16:54:16,549 - INFO - Propiedad 'text' actualizada a: La ventana
2024-12-02 16:54:17,402 - INFO - Propiedad 'text' actualizada a: La ven
2024-12-02 16:54:17,731 - INFO - Propiedad 'text' actualizada a: La ve
2024-12-02 16:54:18,223 - INFO - Propiedad 'text' actualizada a: La v
2024-12-02 16:54:18,716 - INFO - Propiedad 'text' actualizada a: La 
2024-12-02 16:54:18,914 - INFO - Propiedad 'text' actualizada a: La
2024-12-02 16:54:19,145 - INFO - Propiedad 'text' actualizada a: L
2024-12-02 16:54:19,933 - INFO - Propiedad 'text' actualizada a: LR
2024-12-02 16:54:20,002 - INFO - Propiedad 'text' actualizada a: LRe
2024-12-02 16:54:20,102 - INFO - Propiedad 'text' actualizada a: LRe
2024-12-02 16:54:20,854 - INFO - Propiedad 'text' actualizada a: LR
2024-12-02 16:54:21,020 - INFO - Propiedad 'text' actualizada a: L
2024-12-02 16:54:21,122 - INFO - Propiedad 'text' actualizada a: 
2024-12-02 16:54:21,288 - INFO - Propiedad 'text' actualizada a: 
2024-12-02 16:54:21,585 - INFO - Propiedad 'text' actualizada a: R
2024-12-02 16:54:21,685 - INFO - Propiedad 'text' actualizada a: R
2024-12-02 16:54:21,818 - INFO - Propiedad 'text' actualizada a: Re
2024-12-02 16:54:22,053 - INFO - Propiedad 'text' actualizada a: Res
2024-12-02 16:54:22,187 - INFO - Propiedad 'text' actualizada a: Resi
2024-12-02 16:54:22,517 - INFO - Propiedad 'text' actualizada a: Resiza
2024-12-02 16:54:22,617 - INFO - Propiedad 'text' actualizada a: Resiza
2024-12-02 16:54:23,109 - INFO - Propiedad 'text' actualizada a: Resizabl
2024-12-02 16:54:23,244 - INFO - Propiedad 'text' actualizada a: Resizable
2024-12-02 16:54:23,440 - INFO - Propiedad 'text' actualizada a: Resizable
2024-12-02 16:54:40,373 - DEBUG - Intentando exportar archivo a C:/Users/Thiago/Documents/CTkDesigner/a.py.
2024-12-02 16:54:40,376 - DEBUG - Cargando parametros de la ventana...
2024-12-02 16:54:40,377 - DEBUG - Procediendo a crear las líneas...
2024-12-02 16:54:40,378 - INFO - Exportando: text=Aceptar
2024-12-02 16:54:40,378 - INFO - Exportando: command=None
2024-12-02 16:54:40,379 - INFO - Exportando: fg_color=#2E2E2E
2024-12-02 16:54:40,379 - INFO - Exportando: width=140
2024-12-02 16:54:40,379 - INFO - Exportando: height=28
2024-12-02 16:54:40,379 - INFO - Exportando: border_width=2
2024-12-02 16:54:40,379 - INFO - Exportando: border_color=#5A5A5A
2024-12-02 16:54:40,380 - INFO - Exportando: hover_color=#3A3A3A
2024-12-02 16:54:40,380 - INFO - Exportando: text_color=['#DCE4EE', '#DCE4EE']
2024-12-02 16:54:40,380 - INFO - Exportando: border_spacing=2
2024-12-02 16:54:40,380 - INFO - Exportando: corner_radius=8
2024-12-02 16:54:40,382 - INFO - Exportando: placeholder_text=None
2024-12-02 16:54:40,383 - INFO - Exportando: textvariable=None
2024-12-02 16:54:40,383 - INFO - Exportando: fg_color=['#F9F9FA', '#343638']
2024-12-02 16:54:40,383 - INFO - Exportando: border_width=2
2024-12-02 16:54:40,384 - INFO - Exportando: border_color=['#979DA2', '#565B5E']
2024-12-02 16:54:40,384 - INFO - Exportando: text_color=['gray10', '#DCE4EE']
2024-12-02 16:54:40,384 - INFO - Exportando: width=140
2024-12-02 16:54:40,384 - INFO - Exportando: height=28
2024-12-02 16:54:40,385 - WARNING - El parámetro 'font' con valor font21 no se exportará.
2024-12-02 16:54:40,391 - INFO - Exportando: placeholder_text=None
2024-12-02 16:54:40,392 - INFO - Exportando: textvariable=None
2024-12-02 16:54:40,392 - INFO - Exportando: fg_color=['#F9F9FA', '#343638']
2024-12-02 16:54:40,392 - INFO - Exportando: border_width=2
2024-12-02 16:54:40,392 - INFO - Exportando: border_color=['#979DA2', '#565B5E']
2024-12-02 16:54:40,393 - INFO - Exportando: text_color=['gray10', '#DCE4EE']
2024-12-02 16:54:40,393 - INFO - Exportando: width=140
2024-12-02 16:54:40,393 - INFO - Exportando: height=28
2024-12-02 16:54:40,394 - WARNING - El parámetro 'font' con valor font22 no se exportará.
2024-12-02 16:54:40,396 - INFO - Exportando: text=Altura:
2024-12-02 16:54:40,396 - INFO - Exportando: textvariable=
2024-12-02 16:54:40,396 - INFO - Exportando: fg_color=transparent
2024-12-02 16:54:40,397 - INFO - Exportando: corner_radius=0
2024-12-02 16:54:40,397 - INFO - Exportando: text_color=black
2024-12-02 16:54:40,397 - INFO - Exportando: width=0
2024-12-02 16:54:40,397 - INFO - Exportando: height=28
2024-12-02 16:54:40,398 - WARNING - El parámetro 'font' con valor font23 no se exportará.
2024-12-02 16:54:40,398 - INFO - Exportando: anchor=center
2024-12-02 16:54:40,398 - INFO - Exportando: compound=center
2024-12-02 16:54:40,399 - INFO - Exportando: justify=center
2024-12-02 16:54:40,401 - INFO - Exportando: text=Anchura:
2024-12-02 16:54:40,401 - INFO - Exportando: textvariable=
2024-12-02 16:54:40,401 - INFO - Exportando: fg_color=transparent
2024-12-02 16:54:40,401 - INFO - Exportando: corner_radius=0
2024-12-02 16:54:40,402 - INFO - Exportando: text_color=black
2024-12-02 16:54:40,402 - INFO - Exportando: width=0
2024-12-02 16:54:40,402 - INFO - Exportando: height=28
2024-12-02 16:54:40,402 - WARNING - El parámetro 'font' con valor font24 no se exportará.
2024-12-02 16:54:40,403 - INFO - Exportando: anchor=center
2024-12-02 16:54:40,403 - INFO - Exportando: compound=center
2024-12-02 16:54:40,403 - INFO - Exportando: justify=center
2024-12-02 16:54:40,406 - INFO - Exportando: text=Nuevo proyecto
2024-12-02 16:54:40,406 - INFO - Exportando: textvariable=
2024-12-02 16:54:40,407 - INFO - Exportando: fg_color=transparent
2024-12-02 16:54:40,407 - INFO - Exportando: corner_radius=0
2024-12-02 16:54:40,407 - INFO - Exportando: text_color=black
2024-12-02 16:54:40,407 - INFO - Exportando: width=0
2024-12-02 16:54:40,408 - INFO - Exportando: height=28
2024-12-02 16:54:40,408 - INFO - Exportando: font=('Arial', 35)
2024-12-02 16:54:40,408 - INFO - Exportando: anchor=center
2024-12-02 16:54:40,408 - INFO - Exportando: compound=center
2024-12-02 16:54:40,408 - INFO - Exportando: justify=center
2024-12-02 16:54:40,411 - INFO - Exportando: text=Configuracion de ventana:
2024-12-02 16:54:40,411 - INFO - Exportando: textvariable=
2024-12-02 16:54:40,411 - INFO - Exportando: fg_color=transparent
2024-12-02 16:54:40,411 - INFO - Exportando: corner_radius=0
2024-12-02 16:54:40,412 - INFO - Exportando: text_color=black
2024-12-02 16:54:40,412 - INFO - Exportando: width=0
2024-12-02 16:54:40,412 - INFO - Exportando: height=28
2024-12-02 16:54:40,413 - INFO - Exportando: font=('Arial', 18)
2024-12-02 16:54:40,413 - INFO - Exportando: anchor=center
2024-12-02 16:54:40,413 - INFO - Exportando: compound=center
2024-12-02 16:54:40,413 - INFO - Exportando: justify=center
2024-12-02 16:54:40,415 - INFO - Exportando: text=Resizable
2024-12-02 16:54:40,416 - INFO - Exportando: textvariable=None
2024-12-02 16:54:40,416 - INFO - Exportando: onvalue=1
2024-12-02 16:54:40,416 - INFO - Exportando: offvalue=0
2024-12-02 16:54:40,416 - INFO - Exportando: fg_color=#2E2E2E
2024-12-02 16:54:40,417 - INFO - Exportando: text_color=#2E2E2E
2024-12-02 16:54:40,417 - INFO - Exportando: width=100
2024-12-02 16:54:40,417 - INFO - Exportando: height=24
2024-12-02 16:54:40,417 - INFO - Exportando: hover_color=#3A3A3A
2024-12-02 16:54:40,418 - INFO - Exportando: border_width=3
2024-12-02 16:54:40,418 - INFO - Exportando: border_color=#5A5A5A
2024-12-02 16:54:40,418 - INFO - Exportando: checkmark_color=['#DCE4EE', 'gray90']
2024-12-02 16:54:40,420 - INFO - Lineas creadas exitosamente.
 Escribiendo archivo...
2024-12-02 16:54:40,420 - INFO - # Codigo generado automaticamente desde una VirtualWindow
import customtkinter as ctk

class App(ctk.CTk):
    def __init__(self):
        super().__init__()
        self.geometry('800x500')
        self.title('Exported Virtual Window')

        self.virtual_window = ctk.CTkFrame(self, fg_color='white', bg_color='lightgrey', width=800, height=500)
        self.virtual_window.pack(expand=True, fill='both')
        self.generic_widget_creator()

    def generic_widget_creator(self):
        ctk.CTkButton(self.virtual_window, text='Aceptar', command=None, fg_color='#2E2E2E', width=140, height=28, border_width=2, border_color='#5A5A5A', hover_color='#3A3A3A', text_color=['#DCE4EE', '#DCE4EE'], border_spacing=2, corner_radius=8).place(x=645, y=459)
        ctk.CTkEntry(self.virtual_window, placeholder_text=None, textvariable=None, fg_color=['#F9F9FA', '#343638'], border_width=2, border_color=['#979DA2', '#565B5E'], text_color=['gray10', '#DCE4EE'], width=140, height=28).place(x=100, y=129)
        ctk.CTkEntry(self.virtual_window, placeholder_text=None, textvariable=None, fg_color=['#F9F9FA', '#343638'], border_width=2, border_color=['#979DA2', '#565B5E'], text_color=['gray10', '#DCE4EE'], width=140, height=28).place(x=100, y=166)
        ctk.CTkLabel(self.virtual_window, text='Altura:', textvariable='', fg_color='transparent', corner_radius=0, text_color='black', width=0, height=28, anchor='center', compound='center', justify='center').place(x=35, y=129)
        ctk.CTkLabel(self.virtual_window, text='Anchura:', textvariable='', fg_color='transparent', corner_radius=0, text_color='black', width=0, height=28, anchor='center', compound='center', justify='center').place(x=37, y=166)
        ctk.CTkLabel(self.virtual_window, text='Nuevo proyecto', textvariable='', fg_color='transparent', corner_radius=0, text_color='black', width=0, height=28, font=('Arial', 35), anchor='center', compound='center', justify='center').place(x=35, y=32)
        ctk.CTkLabel(self.virtual_window, text='Configuracion de ventana:', textvariable='', fg_color='transparent', corner_radius=0, text_color='black', width=0, height=28, font=('Arial', 18), anchor='center', compound='center', justify='center').place(x=35, y=89)
        ctk.CTkCheckBox(self.virtual_window, text='Resizable', textvariable=None, onvalue=1, offvalue=0, fg_color='#2E2E2E', text_color='#2E2E2E', width=100, height=24, hover_color='#3A3A3A', border_width=3, border_color='#5A5A5A', checkmark_color=['#DCE4EE', 'gray90']).place(x=35, y=216)

if __name__ == '__main__':
    app = App()
    app.mainloop()
2024-12-02 16:54:40,427 - INFO - Exportación completada.
2024-12-02 16:59:03,317 - INFO - VirtualWindow inicializada con dimensiones 800x500 y canvas configurado.
2024-12-02 17:00:06,967 - INFO - VirtualWindow inicializada con dimensiones 800x500 y canvas configurado.
2024-12-02 17:00:11,009 - DEBUG - Intentando agregar widget de tipo 'CTkButton'.
2024-12-02 17:00:11,009 - DEBUG - Creando widget de tipo 'CTkButton' con argumentos: {}.
2024-12-02 17:00:11,012 - INFO - Widget 'CTkButton' creado con éxito.
2024-12-02 17:00:11,013 - INFO - Widget de tipo 'CTkButton' agregado en posición inicial (100, 100).
2024-12-02 17:04:53,208 - INFO - VirtualWindow inicializada con dimensiones 800x500 y canvas configurado.
2024-12-02 17:06:09,335 - INFO - VirtualWindow inicializada con dimensiones 800x500 y canvas configurado.
2024-12-02 17:07:09,594 - INFO - VirtualWindow inicializada con dimensiones 800x500 y canvas configurado.
2024-12-02 17:18:50,355 - INFO - VirtualWindow inicializada con dimensiones 800x500 y canvas configurado.
2024-12-02 17:21:18,039 - INFO - Mostrando configuración para widget: VirtualWindow
2024-12-02 17:21:20,856 - ERROR - Error al actualizar 'fg_color': invalid literal for int() with base 10: 'b'. Valor ingresado: b
2024-12-02 17:21:21,089 - ERROR - Error al actualizar 'fg_color': invalid literal for int() with base 10: 'bla'. Valor ingresado: bla
2024-12-02 17:21:21,220 - ERROR - Error al actualizar 'fg_color': invalid literal for int() with base 10: 'bla'. Valor ingresado: bla
2024-12-02 17:21:21,453 - INFO - Propiedad 'fg_color' actualizada a: black
2024-12-02 17:21:21,520 - INFO - Propiedad 'fg_color' actualizada a: black
2024-12-02 17:46:09,814 - INFO - VirtualWindow inicializada con dimensiones 800x500 y canvas configurado.
